Analysis & Synthesis report for fpga_timer
Wed Feb  7 19:43:57 2024
Quartus Prime Version 22.1std.1 Build 917 02/14/2023 SC Lite Edition


---------------------
; Table of Contents ;
---------------------
  1. Legal Notice
  2. Analysis & Synthesis Summary
  3. Analysis & Synthesis Settings
  4. Parallel Compilation
  5. Analysis & Synthesis Source Files Read
  6. Analysis & Synthesis Resource Usage Summary
  7. Analysis & Synthesis Resource Utilization by Entity
  8. Registers Removed During Synthesis
  9. Removed Registers Triggering Further Register Optimizations
 10. General Register Statistics
 11. Parameter Settings for User Entity Instance: timer_top:timer_my
 12. Parameter Settings for User Entity Instance: timer_top:timer_my|timer_counter:timer_counter
 13. Parameter Settings for User Entity Instance: timer_top:timer_my|timer_counter:timer_counter|clock_divisor_zero:divisor
 14. Parameter Settings for User Entity Instance: timer_top:timer_my|async_block:async_block
 15. Parameter Settings for User Entity Instance: timer_top:timer_my|async_block:async_block|clock_divisor_zero:divisor
 16. Parameter Settings for User Entity Instance: timer_top:timer_my|PWM_block:output_block
 17. Port Connectivity Checks: "timer_top:timer_my|async_block:async_block|edge_detector:edge_detector"
 18. Port Connectivity Checks: "timer_top:timer_my|timer_counter:timer_counter|clock_divisor_zero:divisor"
 19. Port Connectivity Checks: "timer_top:timer_my"
 20. Post-Synthesis Netlist Statistics for Top Partition
 21. Elapsed Time Per Partition
 22. Analysis & Synthesis Messages



----------------
; Legal Notice ;
----------------
Copyright (C) 2023  Intel Corporation. All rights reserved.
Your use of Intel Corporation's design tools, logic functions 
and other software and tools, and any partner logic 
functions, and any output files from any of the foregoing 
(including device programming or simulation files), and any 
associated documentation or information are expressly subject 
to the terms and conditions of the Intel Program License 
Subscription Agreement, the Intel Quartus Prime License Agreement,
the Intel FPGA IP License Agreement, or other applicable license
agreement, including, without limitation, that your use is for
the sole purpose of programming logic devices manufactured by
Intel and sold by Intel or its authorized distributors.  Please
refer to the applicable agreement for further details, at
https://fpgasoftware.intel.com/eula.



+-------------------------------------------------------------------------------------+
; Analysis & Synthesis Summary                                                        ;
+------------------------------------+------------------------------------------------+
; Analysis & Synthesis Status        ; Successful - Wed Feb  7 19:43:57 2024          ;
; Quartus Prime Version              ; 22.1std.1 Build 917 02/14/2023 SC Lite Edition ;
; Revision Name                      ; fpga_timer                                     ;
; Top-level Entity Name              ; DE10_LITE_Golden_Top                           ;
; Family                             ; MAX 10                                         ;
; Total logic elements               ; 100                                            ;
;     Total combinational functions  ; 100                                            ;
;     Dedicated logic registers      ; 65                                             ;
; Total registers                    ; 65                                             ;
; Total pins                         ; 185                                            ;
; Total virtual pins                 ; 0                                              ;
; Total memory bits                  ; 0                                              ;
; Embedded Multiplier 9-bit elements ; 0                                              ;
; Total PLLs                         ; 0                                              ;
; UFM blocks                         ; 0                                              ;
; ADC blocks                         ; 0                                              ;
+------------------------------------+------------------------------------------------+


+--------------------------------------------------------------------------------------------------------------+
; Analysis & Synthesis Settings                                                                                ;
+------------------------------------------------------------------+----------------------+--------------------+
; Option                                                           ; Setting              ; Default Value      ;
+------------------------------------------------------------------+----------------------+--------------------+
; Device                                                           ; 10M50DAF484C6GES     ;                    ;
; Top-level entity name                                            ; DE10_LITE_Golden_Top ; fpga_timer         ;
; Family name                                                      ; MAX 10               ; Cyclone V          ;
; Use smart compilation                                            ; Off                  ; Off                ;
; Enable parallel Assembler and Timing Analyzer during compilation ; On                   ; On                 ;
; Enable compact report table                                      ; Off                  ; Off                ;
; Restructure Multiplexers                                         ; Auto                 ; Auto               ;
; Create Debugging Nodes for IP Cores                              ; Off                  ; Off                ;
; Preserve fewer node names                                        ; On                   ; On                 ;
; Intel FPGA IP Evaluation Mode                                    ; Enable               ; Enable             ;
; Verilog Version                                                  ; Verilog_2001         ; Verilog_2001       ;
; VHDL Version                                                     ; VHDL_1993            ; VHDL_1993          ;
; State Machine Processing                                         ; Auto                 ; Auto               ;
; Safe State Machine                                               ; Off                  ; Off                ;
; Extract Verilog State Machines                                   ; On                   ; On                 ;
; Extract VHDL State Machines                                      ; On                   ; On                 ;
; Ignore Verilog initial constructs                                ; Off                  ; Off                ;
; Iteration limit for constant Verilog loops                       ; 5000                 ; 5000               ;
; Iteration limit for non-constant Verilog loops                   ; 250                  ; 250                ;
; Add Pass-Through Logic to Inferred RAMs                          ; On                   ; On                 ;
; Infer RAMs from Raw Logic                                        ; On                   ; On                 ;
; Parallel Synthesis                                               ; On                   ; On                 ;
; DSP Block Balancing                                              ; Auto                 ; Auto               ;
; NOT Gate Push-Back                                               ; On                   ; On                 ;
; Power-Up Don't Care                                              ; On                   ; On                 ;
; Remove Redundant Logic Cells                                     ; Off                  ; Off                ;
; Remove Duplicate Registers                                       ; On                   ; On                 ;
; Ignore CARRY Buffers                                             ; Off                  ; Off                ;
; Ignore CASCADE Buffers                                           ; Off                  ; Off                ;
; Ignore GLOBAL Buffers                                            ; Off                  ; Off                ;
; Ignore ROW GLOBAL Buffers                                        ; Off                  ; Off                ;
; Ignore LCELL Buffers                                             ; Off                  ; Off                ;
; Ignore SOFT Buffers                                              ; On                   ; On                 ;
; Limit AHDL Integers to 32 Bits                                   ; Off                  ; Off                ;
; Optimization Technique                                           ; Balanced             ; Balanced           ;
; Carry Chain Length                                               ; 70                   ; 70                 ;
; Auto Carry Chains                                                ; On                   ; On                 ;
; Auto Open-Drain Pins                                             ; On                   ; On                 ;
; Perform WYSIWYG Primitive Resynthesis                            ; Off                  ; Off                ;
; Auto ROM Replacement                                             ; On                   ; On                 ;
; Auto RAM Replacement                                             ; On                   ; On                 ;
; Auto DSP Block Replacement                                       ; On                   ; On                 ;
; Auto Shift Register Replacement                                  ; Auto                 ; Auto               ;
; Allow Shift Register Merging across Hierarchies                  ; Auto                 ; Auto               ;
; Auto Clock Enable Replacement                                    ; On                   ; On                 ;
; Strict RAM Replacement                                           ; Off                  ; Off                ;
; Allow Synchronous Control Signals                                ; On                   ; On                 ;
; Force Use of Synchronous Clear Signals                           ; Off                  ; Off                ;
; Auto RAM Block Balancing                                         ; On                   ; On                 ;
; Auto RAM to Logic Cell Conversion                                ; Off                  ; Off                ;
; Auto Resource Sharing                                            ; Off                  ; Off                ;
; Allow Any RAM Size For Recognition                               ; Off                  ; Off                ;
; Allow Any ROM Size For Recognition                               ; Off                  ; Off                ;
; Allow Any Shift Register Size For Recognition                    ; Off                  ; Off                ;
; Use LogicLock Constraints during Resource Balancing              ; On                   ; On                 ;
; Ignore translate_off and synthesis_off directives                ; Off                  ; Off                ;
; Timing-Driven Synthesis                                          ; On                   ; On                 ;
; Report Parameter Settings                                        ; On                   ; On                 ;
; Report Source Assignments                                        ; On                   ; On                 ;
; Report Connectivity Checks                                       ; On                   ; On                 ;
; Ignore Maximum Fan-Out Assignments                               ; Off                  ; Off                ;
; Synchronization Register Chain Length                            ; 2                    ; 2                  ;
; Power Optimization During Synthesis                              ; Normal compilation   ; Normal compilation ;
; HDL message level                                                ; Level2               ; Level2             ;
; Suppress Register Optimization Related Messages                  ; Off                  ; Off                ;
; Number of Removed Registers Reported in Synthesis Report         ; 5000                 ; 5000               ;
; Number of Swept Nodes Reported in Synthesis Report               ; 5000                 ; 5000               ;
; Number of Inverted Registers Reported in Synthesis Report        ; 100                  ; 100                ;
; Clock MUX Protection                                             ; On                   ; On                 ;
; Auto Gated Clock Conversion                                      ; Off                  ; Off                ;
; Block Design Naming                                              ; Auto                 ; Auto               ;
; SDC constraint protection                                        ; Off                  ; Off                ;
; Synthesis Effort                                                 ; Auto                 ; Auto               ;
; Shift Register Replacement - Allow Asynchronous Clear Signal     ; On                   ; On                 ;
; Pre-Mapping Resynthesis Optimization                             ; Off                  ; Off                ;
; Analysis & Synthesis Message Level                               ; Medium               ; Medium             ;
; Disable Register Merging Across Hierarchies                      ; Auto                 ; Auto               ;
; Resource Aware Inference For Block RAM                           ; On                   ; On                 ;
+------------------------------------------------------------------+----------------------+--------------------+


+------------------------------------------+
; Parallel Compilation                     ;
+----------------------------+-------------+
; Processors                 ; Number      ;
+----------------------------+-------------+
; Number detected on machine ; 12          ;
; Maximum allowed            ; 6           ;
;                            ;             ;
; Average used               ; 1.00        ;
; Maximum used               ; 6           ;
;                            ;             ;
; Usage by Processor         ; % Time Used ;
;     Processor 1            ; 100.0%      ;
;     Processor 2            ;   0.0%      ;
;     Processors 3-6         ;   0.0%      ;
+----------------------------+-------------+


+----------------------------------------------------------------------------------------------------------------------------------------------------------+
; Analysis & Synthesis Source Files Read                                                                                                                   ;
+----------------------------------+-----------------+------------------------------+------------------------------------------------------------+---------+
; File Name with User-Entered Path ; Used in Netlist ; File Type                    ; File Name with Absolute Path                               ; Library ;
+----------------------------------+-----------------+------------------------------+------------------------------------------------------------+---------+
; timer/RTL/clock_divisor.sv       ; yes             ; User SystemVerilog HDL File  ; /home/yaroslove/MIEM/fpga_timer/timer/RTL/clock_divisor.sv ;         ;
; timer/RTL/counter.sv             ; yes             ; User SystemVerilog HDL File  ; /home/yaroslove/MIEM/fpga_timer/timer/RTL/counter.sv       ;         ;
; timer/RTL/edge_detector.sv       ; yes             ; User SystemVerilog HDL File  ; /home/yaroslove/MIEM/fpga_timer/timer/RTL/edge_detector.sv ;         ;
; timer/RTL/input_block.sv         ; yes             ; User SystemVerilog HDL File  ; /home/yaroslove/MIEM/fpga_timer/timer/RTL/input_block.sv   ;         ;
; timer/RTL/PWM_block.sv           ; yes             ; User SystemVerilog HDL File  ; /home/yaroslove/MIEM/fpga_timer/timer/RTL/PWM_block.sv     ;         ;
; timer/RTL/timer_top.sv           ; yes             ; User SystemVerilog HDL File  ; /home/yaroslove/MIEM/fpga_timer/timer/RTL/timer_top.sv     ;         ;
; DE10_LITE_Golden_Top.v           ; yes             ; User Verilog HDL File        ; /home/yaroslove/MIEM/fpga_timer/DE10_LITE_Golden_Top.v     ;         ;
+----------------------------------+-----------------+------------------------------+------------------------------------------------------------+---------+


+------------------------------------------------------------+
; Analysis & Synthesis Resource Usage Summary                ;
+---------------------------------------------+--------------+
; Resource                                    ; Usage        ;
+---------------------------------------------+--------------+
; Estimated Total logic elements              ; 100          ;
;                                             ;              ;
; Total combinational functions               ; 100          ;
; Logic element usage by number of LUT inputs ;              ;
;     -- 4 input functions                    ; 20           ;
;     -- 3 input functions                    ; 0            ;
;     -- <=2 input functions                  ; 80           ;
;                                             ;              ;
; Logic elements by mode                      ;              ;
;     -- normal mode                          ; 38           ;
;     -- arithmetic mode                      ; 62           ;
;                                             ;              ;
; Total registers                             ; 65           ;
;     -- Dedicated logic registers            ; 65           ;
;     -- I/O registers                        ; 0            ;
;                                             ;              ;
; I/O pins                                    ; 185          ;
;                                             ;              ;
; Embedded Multiplier 9-bit elements          ; 0            ;
;                                             ;              ;
; Maximum fan-out node                        ; KEY[0]~input ;
; Maximum fan-out                             ; 65           ;
; Total fan-out                               ; 759          ;
; Average fan-out                             ; 1.25         ;
+---------------------------------------------+--------------+


+------------------------------------------------------------------------------------------------------------------------------------------------------------------------------------------------------------------------------------------------------------------------------------------------------------------------------------+
; Analysis & Synthesis Resource Utilization by Entity                                                                                                                                                                                                                                                                                ;
+---------------------------------------+---------------------+---------------------------+-------------+------------+--------------+---------+-----------+------+--------------+------------+-------------------------------------------------------------------------------------------------+----------------------+--------------+
; Compilation Hierarchy Node            ; Combinational ALUTs ; Dedicated Logic Registers ; Memory Bits ; UFM Blocks ; DSP Elements ; DSP 9x9 ; DSP 18x18 ; Pins ; Virtual Pins ; ADC blocks ; Full Hierarchy Name                                                                             ; Entity Name          ; Library Name ;
+---------------------------------------+---------------------+---------------------------+-------------+------------+--------------+---------+-----------+------+--------------+------------+-------------------------------------------------------------------------------------------------+----------------------+--------------+
; |DE10_LITE_Golden_Top                 ; 100 (1)             ; 65 (0)                    ; 0           ; 0          ; 0            ; 0       ; 0         ; 185  ; 0            ; 0          ; |DE10_LITE_Golden_Top                                                                           ; DE10_LITE_Golden_Top ; work         ;
;    |timer_top:timer_my|               ; 99 (0)              ; 65 (0)                    ; 0           ; 0          ; 0            ; 0       ; 0         ; 0    ; 0            ; 0          ; |DE10_LITE_Golden_Top|timer_top:timer_my                                                        ; timer_top            ; work         ;
;       |timer_counter:timer_counter|   ; 99 (43)             ; 65 (32)                   ; 0           ; 0          ; 0            ; 0       ; 0         ; 0    ; 0            ; 0          ; |DE10_LITE_Golden_Top|timer_top:timer_my|timer_counter:timer_counter                            ; timer_counter        ; work         ;
;          |clock_divisor_zero:divisor| ; 56 (56)             ; 33 (33)                   ; 0           ; 0          ; 0            ; 0       ; 0         ; 0    ; 0            ; 0          ; |DE10_LITE_Golden_Top|timer_top:timer_my|timer_counter:timer_counter|clock_divisor_zero:divisor ; clock_divisor_zero   ; work         ;
+---------------------------------------+---------------------+---------------------------+-------------+------------+--------------+---------+-----------+------+--------------+------------+-------------------------------------------------------------------------------------------------+----------------------+--------------+
Note: For table entries with two numbers listed, the numbers in parentheses indicate the number of resources of the given type used by the specific entity alone. The numbers listed outside of parentheses indicate the total resources of the given type used by the specific entity and all of its sub-entities in the hierarchy.


+-----------------------------------------------------------------------------------------------------------------+
; Registers Removed During Synthesis                                                                              ;
+--------------------------------------------------------------------------------------------+--------------------+
; Register name                                                                              ; Reason for Removal ;
+--------------------------------------------------------------------------------------------+--------------------+
; timer_top:timer_my|async_block:async_block|clock_divisor_zero:divisor|strobe               ; Lost fanout        ;
; timer_top:timer_my|async_block:async_block|edge_detector:edge_detector|fall_o              ; Lost fanout        ;
; timer_top:timer_my|timer_counter:timer_counter|start_load                                  ; Lost fanout        ;
; timer_top:timer_my|async_block:async_block|clock_divisor_zero:divisor|cnt_prescaler[0..31] ; Lost fanout        ;
; timer_top:timer_my|async_block:async_block|edge_detector:edge_detector|resync[1..3]        ; Lost fanout        ;
; timer_top:timer_my|async_block:async_block|edge_detector:edge_detector|rise_o              ; Lost fanout        ;
; Total Number of Removed Registers = 39                                                     ;                    ;
+--------------------------------------------------------------------------------------------+--------------------+


+---------------------------------------------------------------------------------------------------------------------------------------------------------------------------------------+
; Removed Registers Triggering Further Register Optimizations                                                                                                                           ;
+------------------------------------------------------------------------------+--------------------+-----------------------------------------------------------------------------------+
; Register name                                                                ; Reason for Removal ; Registers Removed due to This Register                                            ;
+------------------------------------------------------------------------------+--------------------+-----------------------------------------------------------------------------------+
; timer_top:timer_my|async_block:async_block|clock_divisor_zero:divisor|strobe ; Lost Fanouts       ; timer_top:timer_my|async_block:async_block|edge_detector:edge_detector|fall_o,    ;
;                                                                              ;                    ; timer_top:timer_my|async_block:async_block|edge_detector:edge_detector|resync[3], ;
;                                                                              ;                    ; timer_top:timer_my|async_block:async_block|edge_detector:edge_detector|resync[2], ;
;                                                                              ;                    ; timer_top:timer_my|async_block:async_block|edge_detector:edge_detector|resync[1], ;
;                                                                              ;                    ; timer_top:timer_my|async_block:async_block|edge_detector:edge_detector|rise_o     ;
+------------------------------------------------------------------------------+--------------------+-----------------------------------------------------------------------------------+


+------------------------------------------------------+
; General Register Statistics                          ;
+----------------------------------------------+-------+
; Statistic                                    ; Value ;
+----------------------------------------------+-------+
; Total registers                              ; 65    ;
; Number of registers using Synchronous Clear  ; 0     ;
; Number of registers using Synchronous Load   ; 32    ;
; Number of registers using Asynchronous Clear ; 65    ;
; Number of registers using Asynchronous Load  ; 0     ;
; Number of registers using Clock Enable       ; 0     ;
; Number of registers using Preset             ; 0     ;
+----------------------------------------------+-------+


+-----------------------------------------------------------------+
; Parameter Settings for User Entity Instance: timer_top:timer_my ;
+----------------+-------+----------------------------------------+
; Parameter Name ; Value ; Type                                   ;
+----------------+-------+----------------------------------------+
; NUM_COMP       ; 2     ; Signed Integer                         ;
; COUNTER_SIZE   ; 32    ; Signed Integer                         ;
; PRESCALER_BIT  ; 32    ; Signed Integer                         ;
+----------------+-------+----------------------------------------+
Note: In order to hide this table in the UI and the text report file, please set the "Show Parameter Settings in Synthesis Report" option in "Analysis and Synthesis Settings -> More Settings" to "Off".


+---------------------------------------------------------------------------------------------+
; Parameter Settings for User Entity Instance: timer_top:timer_my|timer_counter:timer_counter ;
+----------------+-------+--------------------------------------------------------------------+
; Parameter Name ; Value ; Type                                                               ;
+----------------+-------+--------------------------------------------------------------------+
; COUNTER_SIZE   ; 32    ; Signed Integer                                                     ;
; PRESCALER_BIT  ; 32    ; Signed Integer                                                     ;
+----------------+-------+--------------------------------------------------------------------+
Note: In order to hide this table in the UI and the text report file, please set the "Show Parameter Settings in Synthesis Report" option in "Analysis and Synthesis Settings -> More Settings" to "Off".


+------------------------------------------------------------------------------------------------------------------------+
; Parameter Settings for User Entity Instance: timer_top:timer_my|timer_counter:timer_counter|clock_divisor_zero:divisor ;
+----------------+-------+-----------------------------------------------------------------------------------------------+
; Parameter Name ; Value ; Type                                                                                          ;
+----------------+-------+-----------------------------------------------------------------------------------------------+
; TIMER_BITS     ; 32    ; Signed Integer                                                                                ;
+----------------+-------+-----------------------------------------------------------------------------------------------+
Note: In order to hide this table in the UI and the text report file, please set the "Show Parameter Settings in Synthesis Report" option in "Analysis and Synthesis Settings -> More Settings" to "Off".


+-----------------------------------------------------------------------------------------+
; Parameter Settings for User Entity Instance: timer_top:timer_my|async_block:async_block ;
+----------------+-------+----------------------------------------------------------------+
; Parameter Name ; Value ; Type                                                           ;
+----------------+-------+----------------------------------------------------------------+
; COUNTER_SIZE   ; 32    ; Signed Integer                                                 ;
; PRESCALER_BIT  ; 32    ; Signed Integer                                                 ;
+----------------+-------+----------------------------------------------------------------+
Note: In order to hide this table in the UI and the text report file, please set the "Show Parameter Settings in Synthesis Report" option in "Analysis and Synthesis Settings -> More Settings" to "Off".


+--------------------------------------------------------------------------------------------------------------------+
; Parameter Settings for User Entity Instance: timer_top:timer_my|async_block:async_block|clock_divisor_zero:divisor ;
+----------------+-------+-------------------------------------------------------------------------------------------+
; Parameter Name ; Value ; Type                                                                                      ;
+----------------+-------+-------------------------------------------------------------------------------------------+
; TIMER_BITS     ; 32    ; Signed Integer                                                                            ;
+----------------+-------+-------------------------------------------------------------------------------------------+
Note: In order to hide this table in the UI and the text report file, please set the "Show Parameter Settings in Synthesis Report" option in "Analysis and Synthesis Settings -> More Settings" to "Off".


+----------------------------------------------------------------------------------------+
; Parameter Settings for User Entity Instance: timer_top:timer_my|PWM_block:output_block ;
+----------------+-------+---------------------------------------------------------------+
; Parameter Name ; Value ; Type                                                          ;
+----------------+-------+---------------------------------------------------------------+
; COUNTER_SIZE   ; 32    ; Signed Integer                                                ;
; NUM_COMP       ; 2     ; Signed Integer                                                ;
+----------------+-------+---------------------------------------------------------------+
Note: In order to hide this table in the UI and the text report file, please set the "Show Parameter Settings in Synthesis Report" option in "Analysis and Synthesis Settings -> More Settings" to "Off".


+------------------------------------------------------------------------------------------------------------------+
; Port Connectivity Checks: "timer_top:timer_my|async_block:async_block|edge_detector:edge_detector"               ;
+--------+--------+----------+-------------------------------------------------------------------------------------+
; Port   ; Type   ; Severity ; Details                                                                             ;
+--------+--------+----------+-------------------------------------------------------------------------------------+
; rise_o ; Output ; Info     ; Connected to dangling logic. Logic that only feeds a dangling port will be removed. ;
; fall_o ; Output ; Info     ; Connected to dangling logic. Logic that only feeds a dangling port will be removed. ;
+--------+--------+----------+-------------------------------------------------------------------------------------+


+---------------------------------------------------------------------------------------------------------------------------------------------------------------------------------------------------------------------+
; Port Connectivity Checks: "timer_top:timer_my|timer_counter:timer_counter|clock_divisor_zero:divisor"                                                                                                               ;
+------------+--------+----------+------------------------------------------------------------------------------------------------------------------------------------------------------------------------------------+
; Port       ; Type   ; Severity ; Details                                                                                                                                                                            ;
+------------+--------+----------+------------------------------------------------------------------------------------------------------------------------------------------------------------------------------------+
; enable     ; Input  ; Warning  ; Input port expression (32 bits) is wider than the input port (1 bits) it drives.  The 31 most-significant bit(s) in the expression will be dangling if they have no other fanouts. ;
; enable[-1] ; Input  ; Info     ; Stuck at VCC                                                                                                                                                                       ;
; cnt        ; Output ; Warning  ; Declared by entity but not connected by instance. Logic that only feeds a dangling port will be removed.                                                                           ;
+------------+--------+----------+------------------------------------------------------------------------------------------------------------------------------------------------------------------------------------+


+------------------------------------------------------------------------------------------------------------------------------------------------------------------------------------------------------------------------------------+
; Port Connectivity Checks: "timer_top:timer_my"                                                                                                                                                                                     ;
+---------------------------+--------+----------+------------------------------------------------------------------------------------------------------------------------------------------------------------------------------------+
; Port                      ; Type   ; Severity ; Details                                                                                                                                                                            ;
+---------------------------+--------+----------+------------------------------------------------------------------------------------------------------------------------------------------------------------------------------------+
; timer_in                  ; Bidir  ; Warning  ; Connected to dangling logic. Logic that only feeds a dangling port will be removed.                                                                                                ;
; CTRL_REG                  ; Input  ; Warning  ; Input port expression (32 bits) is wider than the input port (8 bits) it drives.  The 24 most-significant bit(s) in the expression will be dangling if they have no other fanouts. ;
; CTRL_REG[7..1]            ; Input  ; Info     ; Stuck at GND                                                                                                                                                                       ;
; CTRL_REG[0]               ; Input  ; Info     ; Stuck at VCC                                                                                                                                                                       ;
; CTRL_PWM                  ; Input  ; Warning  ; Input port expression (32 bits) is wider than the input port (8 bits) it drives.  The 24 most-significant bit(s) in the expression will be dangling if they have no other fanouts. ;
; CTRL_PWM[7..0]            ; Input  ; Info     ; Stuck at GND                                                                                                                                                                       ;
; CTRL_INTR                 ; Input  ; Warning  ; Input port expression (32 bits) is wider than the input port (8 bits) it drives.  The 24 most-significant bit(s) in the expression will be dangling if they have no other fanouts. ;
; CTRL_INTR[7..0]           ; Input  ; Info     ; Stuck at GND                                                                                                                                                                       ;
; DIVISOR_SYNC_VAL[22..18]  ; Input  ; Info     ; Stuck at VCC                                                                                                                                                                       ;
; DIVISOR_SYNC_VAL[14..11]  ; Input  ; Info     ; Stuck at VCC                                                                                                                                                                       ;
; DIVISOR_SYNC_VAL[31..25]  ; Input  ; Info     ; Stuck at GND                                                                                                                                                                       ;
; DIVISOR_SYNC_VAL[10..7]   ; Input  ; Info     ; Stuck at GND                                                                                                                                                                       ;
; DIVISOR_SYNC_VAL[5..0]    ; Input  ; Info     ; Stuck at GND                                                                                                                                                                       ;
; DIVISOR_SYNC_VAL[24]      ; Input  ; Info     ; Stuck at VCC                                                                                                                                                                       ;
; DIVISOR_SYNC_VAL[23]      ; Input  ; Info     ; Stuck at GND                                                                                                                                                                       ;
; DIVISOR_SYNC_VAL[17]      ; Input  ; Info     ; Stuck at GND                                                                                                                                                                       ;
; DIVISOR_SYNC_VAL[16]      ; Input  ; Info     ; Stuck at VCC                                                                                                                                                                       ;
; DIVISOR_SYNC_VAL[15]      ; Input  ; Info     ; Stuck at GND                                                                                                                                                                       ;
; DIVISOR_SYNC_VAL[6]       ; Input  ; Info     ; Stuck at VCC                                                                                                                                                                       ;
; DIVISOR_ASYNC_VAL[22..18] ; Input  ; Info     ; Stuck at VCC                                                                                                                                                                       ;
; DIVISOR_ASYNC_VAL[14..11] ; Input  ; Info     ; Stuck at VCC                                                                                                                                                                       ;
; DIVISOR_ASYNC_VAL[31..25] ; Input  ; Info     ; Stuck at GND                                                                                                                                                                       ;
; DIVISOR_ASYNC_VAL[10..7]  ; Input  ; Info     ; Stuck at GND                                                                                                                                                                       ;
; DIVISOR_ASYNC_VAL[5..0]   ; Input  ; Info     ; Stuck at GND                                                                                                                                                                       ;
; DIVISOR_ASYNC_VAL[24]     ; Input  ; Info     ; Stuck at VCC                                                                                                                                                                       ;
; DIVISOR_ASYNC_VAL[23]     ; Input  ; Info     ; Stuck at GND                                                                                                                                                                       ;
; DIVISOR_ASYNC_VAL[17]     ; Input  ; Info     ; Stuck at GND                                                                                                                                                                       ;
; DIVISOR_ASYNC_VAL[16]     ; Input  ; Info     ; Stuck at VCC                                                                                                                                                                       ;
; DIVISOR_ASYNC_VAL[15]     ; Input  ; Info     ; Stuck at GND                                                                                                                                                                       ;
; DIVISOR_ASYNC_VAL[6]      ; Input  ; Info     ; Stuck at VCC                                                                                                                                                                       ;
; CNT_INIT_START_VAL        ; Input  ; Info     ; Stuck at GND                                                                                                                                                                       ;
; CNT_INIT_MIN[31..2]       ; Input  ; Info     ; Stuck at GND                                                                                                                                                                       ;
; CNT_INIT_MIN[1]           ; Input  ; Info     ; Stuck at VCC                                                                                                                                                                       ;
; CNT_INIT_MIN[0]           ; Input  ; Info     ; Stuck at GND                                                                                                                                                                       ;
; CNT_INIT_MAX              ; Input  ; Warning  ; Input port expression (8 bits) is smaller than the input port (32 bits) it drives.  Extra input bit(s) "CNT_INIT_MAX[31..8]" will be connected to GND.                             ;
; CNT_INIT_MAX[3..0]        ; Input  ; Info     ; Stuck at VCC                                                                                                                                                                       ;
; CNT_INIT_MAX[7..4]        ; Input  ; Info     ; Stuck at GND                                                                                                                                                                       ;
; CNT_MATCH_CH_0[22..18]    ; Input  ; Info     ; Stuck at VCC                                                                                                                                                                       ;
; CNT_MATCH_CH_0[14..11]    ; Input  ; Info     ; Stuck at VCC                                                                                                                                                                       ;
; CNT_MATCH_CH_0[31..25]    ; Input  ; Info     ; Stuck at GND                                                                                                                                                                       ;
; CNT_MATCH_CH_0[10..7]     ; Input  ; Info     ; Stuck at GND                                                                                                                                                                       ;
; CNT_MATCH_CH_0[5..0]      ; Input  ; Info     ; Stuck at GND                                                                                                                                                                       ;
; CNT_MATCH_CH_0[24]        ; Input  ; Info     ; Stuck at VCC                                                                                                                                                                       ;
; CNT_MATCH_CH_0[23]        ; Input  ; Info     ; Stuck at GND                                                                                                                                                                       ;
; CNT_MATCH_CH_0[17]        ; Input  ; Info     ; Stuck at GND                                                                                                                                                                       ;
; CNT_MATCH_CH_0[16]        ; Input  ; Info     ; Stuck at VCC                                                                                                                                                                       ;
; CNT_MATCH_CH_0[15]        ; Input  ; Info     ; Stuck at GND                                                                                                                                                                       ;
; CNT_MATCH_CH_0[6]         ; Input  ; Info     ; Stuck at VCC                                                                                                                                                                       ;
; CNT_MATCH_CH_1[22..18]    ; Input  ; Info     ; Stuck at VCC                                                                                                                                                                       ;
; CNT_MATCH_CH_1[14..11]    ; Input  ; Info     ; Stuck at VCC                                                                                                                                                                       ;
; CNT_MATCH_CH_1[31..25]    ; Input  ; Info     ; Stuck at GND                                                                                                                                                                       ;
; CNT_MATCH_CH_1[10..7]     ; Input  ; Info     ; Stuck at GND                                                                                                                                                                       ;
; CNT_MATCH_CH_1[5..0]      ; Input  ; Info     ; Stuck at GND                                                                                                                                                                       ;
; CNT_MATCH_CH_1[24]        ; Input  ; Info     ; Stuck at VCC                                                                                                                                                                       ;
; CNT_MATCH_CH_1[23]        ; Input  ; Info     ; Stuck at GND                                                                                                                                                                       ;
; CNT_MATCH_CH_1[17]        ; Input  ; Info     ; Stuck at GND                                                                                                                                                                       ;
; CNT_MATCH_CH_1[16]        ; Input  ; Info     ; Stuck at VCC                                                                                                                                                                       ;
; CNT_MATCH_CH_1[15]        ; Input  ; Info     ; Stuck at GND                                                                                                                                                                       ;
; CNT_MATCH_CH_1[6]         ; Input  ; Info     ; Stuck at VCC                                                                                                                                                                       ;
; CNT_VAL_SYNC              ; Output ; Warning  ; Output or bidir port (32 bits) is wider than the port expression (9 bits) it drives; bit(s) "CNT_VAL_SYNC[31..9]" have no fanouts                                                  ;
; PWM_OUT_GPIO              ; Output ; Info     ; Connected to dangling logic. Logic that only feeds a dangling port will be removed.                                                                                                ;
; STATUS                    ; Output ; Warning  ; Declared by entity but not connected by instance. Logic that only feeds a dangling port will be removed.                                                                           ;
; INTERRUPT_FLAG            ; Output ; Warning  ; Declared by entity but not connected by instance. Logic that only feeds a dangling port will be removed.                                                                           ;
; CNT_VAL_ASYNC             ; Output ; Warning  ; Declared by entity but not connected by instance. Logic that only feeds a dangling port will be removed.                                                                           ;
+---------------------------+--------+----------+------------------------------------------------------------------------------------------------------------------------------------------------------------------------------------+


+-----------------------------------------------------+
; Post-Synthesis Netlist Statistics for Top Partition ;
+-----------------------+-----------------------------+
; Type                  ; Count                       ;
+-----------------------+-----------------------------+
; boundary_port         ; 185                         ;
; cycloneiii_ff         ; 65                          ;
;     CLR               ; 33                          ;
;     CLR SLD           ; 32                          ;
; cycloneiii_io_obuf    ; 71                          ;
; cycloneiii_lcell_comb ; 100                         ;
;     arith             ; 62                          ;
;         2 data inputs ; 62                          ;
;     normal            ; 38                          ;
;         0 data inputs ; 1                           ;
;         1 data inputs ; 2                           ;
;         2 data inputs ; 15                          ;
;         4 data inputs ; 20                          ;
;                       ;                             ;
; Max LUT depth         ; 4.40                        ;
; Average LUT depth     ; 2.61                        ;
+-----------------------+-----------------------------+


+-------------------------------+
; Elapsed Time Per Partition    ;
+----------------+--------------+
; Partition Name ; Elapsed Time ;
+----------------+--------------+
; Top            ; 00:00:00     ;
+----------------+--------------+


+-------------------------------+
; Analysis & Synthesis Messages ;
+-------------------------------+
Info: *******************************************************************
Info: Running Quartus Prime Analysis & Synthesis
    Info: Version 22.1std.1 Build 917 02/14/2023 SC Lite Edition
    Info: Processing started: Wed Feb  7 19:43:52 2024
Info: Command: quartus_map --read_settings_files=on --write_settings_files=off fpga_timer -c fpga_timer
Info (125069): Default assignment values were changed in the current version of the Quartus Prime software -- changes to default assignments values are contained in file /home/yaroslove/intelFPGA_lite/22.1std/quartus/linux64/assignment_defaults.qdf
Warning (18236): Number of processors has not been specified which may cause overloading on shared machines.  Set the global assignment NUM_PARALLEL_PROCESSORS in your QSF to an appropriate value for best performance.
Info (20030): Parallel compilation is enabled and will use 6 of the 6 processors detected
Info (12021): Found 3 design units, including 3 entities, in source file timer/RTL/clock_divisor.sv
    Info (12023): Found entity 1: clock_divisor File: /home/yaroslove/MIEM/fpga_timer/timer/RTL/clock_divisor.sv Line: 1
    Info (12023): Found entity 2: clock_divisor_zero File: /home/yaroslove/MIEM/fpga_timer/timer/RTL/clock_divisor.sv Line: 39
    Info (12023): Found entity 3: delay_n_cycles File: /home/yaroslove/MIEM/fpga_timer/timer/RTL/clock_divisor.sv Line: 78
Info (12021): Found 1 design units, including 1 entities, in source file timer/RTL/counter.sv
    Info (12023): Found entity 1: timer_counter File: /home/yaroslove/MIEM/fpga_timer/timer/RTL/counter.sv Line: 5
Info (12021): Found 1 design units, including 1 entities, in source file timer/RTL/d_ip_timer.sv
    Info (12023): Found entity 1: d_ip_timer File: /home/yaroslove/MIEM/fpga_timer/timer/RTL/d_ip_timer.sv Line: 3
Info (12021): Found 2 design units, including 2 entities, in source file timer/RTL/edge_detector.sv
    Info (12023): Found entity 1: edge_detector File: /home/yaroslove/MIEM/fpga_timer/timer/RTL/edge_detector.sv Line: 1
    Info (12023): Found entity 2: edge_detector_classic File: /home/yaroslove/MIEM/fpga_timer/timer/RTL/edge_detector.sv Line: 28
Info (12021): Found 1 design units, including 1 entities, in source file timer/RTL/input_block.sv
    Info (12023): Found entity 1: async_block File: /home/yaroslove/MIEM/fpga_timer/timer/RTL/input_block.sv Line: 3
Info (12021): Found 1 design units, including 1 entities, in source file timer/RTL/output_block.sv
    Info (12023): Found entity 1: output_block File: /home/yaroslove/MIEM/fpga_timer/timer/RTL/output_block.sv Line: 3
Info (12021): Found 1 design units, including 1 entities, in source file timer/RTL/PWM_block.sv
    Info (12023): Found entity 1: PWM_block File: /home/yaroslove/MIEM/fpga_timer/timer/RTL/PWM_block.sv Line: 3
Info (12021): Found 0 design units, including 0 entities, in source file timer/RTL/test.sv
Info (12021): Found 1 design units, including 1 entities, in source file timer/RTL/timer_registers.sv
    Info (12023): Found entity 1: timer_registers File: /home/yaroslove/MIEM/fpga_timer/timer/RTL/timer_registers.sv Line: 1
Info (12021): Found 1 design units, including 1 entities, in source file timer/RTL/timer_top.sv
    Info (12023): Found entity 1: timer_top File: /home/yaroslove/MIEM/fpga_timer/timer/RTL/timer_top.sv Line: 1
Info (12021): Found 1 design units, including 1 entities, in source file DE10_LITE_Golden_Top.v
    Info (12023): Found entity 1: DE10_LITE_Golden_Top File: /home/yaroslove/MIEM/fpga_timer/DE10_LITE_Golden_Top.v Line: 29
Warning (10236): Verilog HDL Implicit Net warning at d_ip_timer.sv(75): created implicit net for "ext_clock_select" File: /home/yaroslove/MIEM/fpga_timer/timer/RTL/d_ip_timer.sv Line: 75
Warning (10236): Verilog HDL Implicit Net warning at d_ip_timer.sv(118): created implicit net for "cnt_init_wr" File: /home/yaroslove/MIEM/fpga_timer/timer/RTL/d_ip_timer.sv Line: 118
Warning (10236): Verilog HDL Implicit Net warning at d_ip_timer.sv(135): created implicit net for "sync_counter_value" File: /home/yaroslove/MIEM/fpga_timer/timer/RTL/d_ip_timer.sv Line: 135
Warning (10236): Verilog HDL Implicit Net warning at timer_top.sv(92): created implicit net for "overflow_status_flag" File: /home/yaroslove/MIEM/fpga_timer/timer/RTL/timer_top.sv Line: 92
Warning (10236): Verilog HDL Implicit Net warning at timer_top.sv(100): created implicit net for "overflow_int" File: /home/yaroslove/MIEM/fpga_timer/timer/RTL/timer_top.sv Line: 100
Warning (10236): Verilog HDL Implicit Net warning at timer_top.sv(102): created implicit net for "trigger" File: /home/yaroslove/MIEM/fpga_timer/timer/RTL/timer_top.sv Line: 102
Warning (10236): Verilog HDL Implicit Net warning at DE10_LITE_Golden_Top.v(148): created implicit net for "LEDR9" File: /home/yaroslove/MIEM/fpga_timer/DE10_LITE_Golden_Top.v Line: 148
Info (12127): Elaborating entity "DE10_LITE_Golden_Top" for the top level hierarchy
Warning (10034): Output port "DRAM_ADDR" at DE10_LITE_Golden_Top.v(46) has no driver File: /home/yaroslove/MIEM/fpga_timer/DE10_LITE_Golden_Top.v Line: 46
Warning (10034): Output port "DRAM_BA" at DE10_LITE_Golden_Top.v(47) has no driver File: /home/yaroslove/MIEM/fpga_timer/DE10_LITE_Golden_Top.v Line: 47
Warning (10034): Output port "HEX0" at DE10_LITE_Golden_Top.v(61) has no driver File: /home/yaroslove/MIEM/fpga_timer/DE10_LITE_Golden_Top.v Line: 61
Warning (10034): Output port "HEX1" at DE10_LITE_Golden_Top.v(64) has no driver File: /home/yaroslove/MIEM/fpga_timer/DE10_LITE_Golden_Top.v Line: 64
Warning (10034): Output port "HEX2" at DE10_LITE_Golden_Top.v(67) has no driver File: /home/yaroslove/MIEM/fpga_timer/DE10_LITE_Golden_Top.v Line: 67
Warning (10034): Output port "HEX3" at DE10_LITE_Golden_Top.v(70) has no driver File: /home/yaroslove/MIEM/fpga_timer/DE10_LITE_Golden_Top.v Line: 70
Warning (10034): Output port "HEX4" at DE10_LITE_Golden_Top.v(73) has no driver File: /home/yaroslove/MIEM/fpga_timer/DE10_LITE_Golden_Top.v Line: 73
Warning (10034): Output port "HEX5" at DE10_LITE_Golden_Top.v(76) has no driver File: /home/yaroslove/MIEM/fpga_timer/DE10_LITE_Golden_Top.v Line: 76
Warning (10034): Output port "LEDR[9]" at DE10_LITE_Golden_Top.v(86) has no driver File: /home/yaroslove/MIEM/fpga_timer/DE10_LITE_Golden_Top.v Line: 86
Warning (10034): Output port "VGA_B" at DE10_LITE_Golden_Top.v(96) has no driver File: /home/yaroslove/MIEM/fpga_timer/DE10_LITE_Golden_Top.v Line: 96
Warning (10034): Output port "VGA_G" at DE10_LITE_Golden_Top.v(97) has no driver File: /home/yaroslove/MIEM/fpga_timer/DE10_LITE_Golden_Top.v Line: 97
Warning (10034): Output port "VGA_R" at DE10_LITE_Golden_Top.v(99) has no driver File: /home/yaroslove/MIEM/fpga_timer/DE10_LITE_Golden_Top.v Line: 99
Warning (10034): Output port "DRAM_CAS_N" at DE10_LITE_Golden_Top.v(48) has no driver File: /home/yaroslove/MIEM/fpga_timer/DE10_LITE_Golden_Top.v Line: 48
Warning (10034): Output port "DRAM_CKE" at DE10_LITE_Golden_Top.v(49) has no driver File: /home/yaroslove/MIEM/fpga_timer/DE10_LITE_Golden_Top.v Line: 49
Warning (10034): Output port "DRAM_CLK" at DE10_LITE_Golden_Top.v(50) has no driver File: /home/yaroslove/MIEM/fpga_timer/DE10_LITE_Golden_Top.v Line: 50
Warning (10034): Output port "DRAM_CS_N" at DE10_LITE_Golden_Top.v(51) has no driver File: /home/yaroslove/MIEM/fpga_timer/DE10_LITE_Golden_Top.v Line: 51
Warning (10034): Output port "DRAM_LDQM" at DE10_LITE_Golden_Top.v(53) has no driver File: /home/yaroslove/MIEM/fpga_timer/DE10_LITE_Golden_Top.v Line: 53
Warning (10034): Output port "DRAM_RAS_N" at DE10_LITE_Golden_Top.v(54) has no driver File: /home/yaroslove/MIEM/fpga_timer/DE10_LITE_Golden_Top.v Line: 54
Warning (10034): Output port "DRAM_UDQM" at DE10_LITE_Golden_Top.v(55) has no driver File: /home/yaroslove/MIEM/fpga_timer/DE10_LITE_Golden_Top.v Line: 55
Warning (10034): Output port "DRAM_WE_N" at DE10_LITE_Golden_Top.v(56) has no driver File: /home/yaroslove/MIEM/fpga_timer/DE10_LITE_Golden_Top.v Line: 56
Warning (10034): Output port "VGA_HS" at DE10_LITE_Golden_Top.v(98) has no driver File: /home/yaroslove/MIEM/fpga_timer/DE10_LITE_Golden_Top.v Line: 98
Warning (10034): Output port "VGA_VS" at DE10_LITE_Golden_Top.v(100) has no driver File: /home/yaroslove/MIEM/fpga_timer/DE10_LITE_Golden_Top.v Line: 100
Warning (10034): Output port "GSENSOR_CS_N" at DE10_LITE_Golden_Top.v(105) has no driver File: /home/yaroslove/MIEM/fpga_timer/DE10_LITE_Golden_Top.v Line: 105
Warning (10034): Output port "GSENSOR_SCLK" at DE10_LITE_Golden_Top.v(107) has no driver File: /home/yaroslove/MIEM/fpga_timer/DE10_LITE_Golden_Top.v Line: 107
Info (12128): Elaborating entity "timer_top" for hierarchy "timer_top:timer_my" File: /home/yaroslove/MIEM/fpga_timer/DE10_LITE_Golden_Top.v Line: 149
Warning (10036): Verilog HDL or VHDL warning at timer_top.sv(102): object "trigger" assigned a value but never read File: /home/yaroslove/MIEM/fpga_timer/timer/RTL/timer_top.sv Line: 102
Critical Warning (10237): Verilog HDL warning at timer_top.sv(115): can't infer register for assignment in edge-triggered always construct because the clock isn't obvious. Generated combinational logic instead File: /home/yaroslove/MIEM/fpga_timer/timer/RTL/timer_top.sv Line: 115
Critical Warning (10237): Verilog HDL warning at timer_top.sv(116): can't infer register for assignment in edge-triggered always construct because the clock isn't obvious. Generated combinational logic instead File: /home/yaroslove/MIEM/fpga_timer/timer/RTL/timer_top.sv Line: 116
Warning (10034): Output port "STATUS[7..4]" at timer_top.sv(26) has no driver File: /home/yaroslove/MIEM/fpga_timer/timer/RTL/timer_top.sv Line: 26
Warning (10034): Output port "INTERRUPT_FLAG[7..3]" at timer_top.sv(27) has no driver File: /home/yaroslove/MIEM/fpga_timer/timer/RTL/timer_top.sv Line: 27
Info (12128): Elaborating entity "timer_counter" for hierarchy "timer_top:timer_my|timer_counter:timer_counter" File: /home/yaroslove/MIEM/fpga_timer/timer/RTL/timer_top.sv Line: 93
Info (12128): Elaborating entity "clock_divisor_zero" for hierarchy "timer_top:timer_my|timer_counter:timer_counter|clock_divisor_zero:divisor" File: /home/yaroslove/MIEM/fpga_timer/timer/RTL/counter.sv Line: 52
Info (12128): Elaborating entity "async_block" for hierarchy "timer_top:timer_my|async_block:async_block" File: /home/yaroslove/MIEM/fpga_timer/timer/RTL/timer_top.sv Line: 129
Info (12128): Elaborating entity "edge_detector" for hierarchy "timer_top:timer_my|async_block:async_block|edge_detector:edge_detector" File: /home/yaroslove/MIEM/fpga_timer/timer/RTL/input_block.sv Line: 47
Info (12128): Elaborating entity "PWM_block" for hierarchy "timer_top:timer_my|PWM_block:output_block" File: /home/yaroslove/MIEM/fpga_timer/timer/RTL/timer_top.sv Line: 161
Warning (12241): 2 hierarchies have connectivity warnings - see the Connectivity Checks report folder
Warning (13039): The following bidirectional pins have no drivers
    Warning (13040): bidirectional pin "DRAM_DQ[0]" has no driver File: /home/yaroslove/MIEM/fpga_timer/DE10_LITE_Golden_Top.v Line: 52
    Warning (13040): bidirectional pin "DRAM_DQ[1]" has no driver File: /home/yaroslove/MIEM/fpga_timer/DE10_LITE_Golden_Top.v Line: 52
    Warning (13040): bidirectional pin "DRAM_DQ[2]" has no driver File: /home/yaroslove/MIEM/fpga_timer/DE10_LITE_Golden_Top.v Line: 52
    Warning (13040): bidirectional pin "DRAM_DQ[3]" has no driver File: /home/yaroslove/MIEM/fpga_timer/DE10_LITE_Golden_Top.v Line: 52
    Warning (13040): bidirectional pin "DRAM_DQ[4]" has no driver File: /home/yaroslove/MIEM/fpga_timer/DE10_LITE_Golden_Top.v Line: 52
    Warning (13040): bidirectional pin "DRAM_DQ[5]" has no driver File: /home/yaroslove/MIEM/fpga_timer/DE10_LITE_Golden_Top.v Line: 52
    Warning (13040): bidirectional pin "DRAM_DQ[6]" has no driver File: /home/yaroslove/MIEM/fpga_timer/DE10_LITE_Golden_Top.v Line: 52
    Warning (13040): bidirectional pin "DRAM_DQ[7]" has no driver File: /home/yaroslove/MIEM/fpga_timer/DE10_LITE_Golden_Top.v Line: 52
    Warning (13040): bidirectional pin "DRAM_DQ[8]" has no driver File: /home/yaroslove/MIEM/fpga_timer/DE10_LITE_Golden_Top.v Line: 52
    Warning (13040): bidirectional pin "DRAM_DQ[9]" has no driver File: /home/yaroslove/MIEM/fpga_timer/DE10_LITE_Golden_Top.v Line: 52
    Warning (13040): bidirectional pin "DRAM_DQ[10]" has no driver File: /home/yaroslove/MIEM/fpga_timer/DE10_LITE_Golden_Top.v Line: 52
    Warning (13040): bidirectional pin "DRAM_DQ[11]" has no driver File: /home/yaroslove/MIEM/fpga_timer/DE10_LITE_Golden_Top.v Line: 52
    Warning (13040): bidirectional pin "DRAM_DQ[12]" has no driver File: /home/yaroslove/MIEM/fpga_timer/DE10_LITE_Golden_Top.v Line: 52
    Warning (13040): bidirectional pin "DRAM_DQ[13]" has no driver File: /home/yaroslove/MIEM/fpga_timer/DE10_LITE_Golden_Top.v Line: 52
    Warning (13040): bidirectional pin "DRAM_DQ[14]" has no driver File: /home/yaroslove/MIEM/fpga_timer/DE10_LITE_Golden_Top.v Line: 52
    Warning (13040): bidirectional pin "DRAM_DQ[15]" has no driver File: /home/yaroslove/MIEM/fpga_timer/DE10_LITE_Golden_Top.v Line: 52
    Warning (13040): bidirectional pin "GSENSOR_SDI" has no driver File: /home/yaroslove/MIEM/fpga_timer/DE10_LITE_Golden_Top.v Line: 108
    Warning (13040): bidirectional pin "GSENSOR_SDO" has no driver File: /home/yaroslove/MIEM/fpga_timer/DE10_LITE_Golden_Top.v Line: 109
    Warning (13040): bidirectional pin "ARDUINO_IO[0]" has no driver File: /home/yaroslove/MIEM/fpga_timer/DE10_LITE_Golden_Top.v Line: 114
    Warning (13040): bidirectional pin "ARDUINO_IO[1]" has no driver File: /home/yaroslove/MIEM/fpga_timer/DE10_LITE_Golden_Top.v Line: 114
    Warning (13040): bidirectional pin "ARDUINO_IO[2]" has no driver File: /home/yaroslove/MIEM/fpga_timer/DE10_LITE_Golden_Top.v Line: 114
    Warning (13040): bidirectional pin "ARDUINO_IO[3]" has no driver File: /home/yaroslove/MIEM/fpga_timer/DE10_LITE_Golden_Top.v Line: 114
    Warning (13040): bidirectional pin "ARDUINO_IO[4]" has no driver File: /home/yaroslove/MIEM/fpga_timer/DE10_LITE_Golden_Top.v Line: 114
    Warning (13040): bidirectional pin "ARDUINO_IO[5]" has no driver File: /home/yaroslove/MIEM/fpga_timer/DE10_LITE_Golden_Top.v Line: 114
    Warning (13040): bidirectional pin "ARDUINO_IO[6]" has no driver File: /home/yaroslove/MIEM/fpga_timer/DE10_LITE_Golden_Top.v Line: 114
    Warning (13040): bidirectional pin "ARDUINO_IO[7]" has no driver File: /home/yaroslove/MIEM/fpga_timer/DE10_LITE_Golden_Top.v Line: 114
    Warning (13040): bidirectional pin "ARDUINO_IO[8]" has no driver File: /home/yaroslove/MIEM/fpga_timer/DE10_LITE_Golden_Top.v Line: 114
    Warning (13040): bidirectional pin "ARDUINO_IO[9]" has no driver File: /home/yaroslove/MIEM/fpga_timer/DE10_LITE_Golden_Top.v Line: 114
    Warning (13040): bidirectional pin "ARDUINO_IO[10]" has no driver File: /home/yaroslove/MIEM/fpga_timer/DE10_LITE_Golden_Top.v Line: 114
    Warning (13040): bidirectional pin "ARDUINO_IO[11]" has no driver File: /home/yaroslove/MIEM/fpga_timer/DE10_LITE_Golden_Top.v Line: 114
    Warning (13040): bidirectional pin "ARDUINO_IO[12]" has no driver File: /home/yaroslove/MIEM/fpga_timer/DE10_LITE_Golden_Top.v Line: 114
    Warning (13040): bidirectional pin "ARDUINO_IO[13]" has no driver File: /home/yaroslove/MIEM/fpga_timer/DE10_LITE_Golden_Top.v Line: 114
    Warning (13040): bidirectional pin "ARDUINO_IO[14]" has no driver File: /home/yaroslove/MIEM/fpga_timer/DE10_LITE_Golden_Top.v Line: 114
    Warning (13040): bidirectional pin "ARDUINO_IO[15]" has no driver File: /home/yaroslove/MIEM/fpga_timer/DE10_LITE_Golden_Top.v Line: 114
    Warning (13040): bidirectional pin "ARDUINO_RESET_N" has no driver File: /home/yaroslove/MIEM/fpga_timer/DE10_LITE_Golden_Top.v Line: 115
    Warning (13040): bidirectional pin "GPIO[0]" has no driver File: /home/yaroslove/MIEM/fpga_timer/DE10_LITE_Golden_Top.v Line: 122
    Warning (13040): bidirectional pin "GPIO[1]" has no driver File: /home/yaroslove/MIEM/fpga_timer/DE10_LITE_Golden_Top.v Line: 122
    Warning (13040): bidirectional pin "GPIO[2]" has no driver File: /home/yaroslove/MIEM/fpga_timer/DE10_LITE_Golden_Top.v Line: 122
    Warning (13040): bidirectional pin "GPIO[3]" has no driver File: /home/yaroslove/MIEM/fpga_timer/DE10_LITE_Golden_Top.v Line: 122
    Warning (13040): bidirectional pin "GPIO[4]" has no driver File: /home/yaroslove/MIEM/fpga_timer/DE10_LITE_Golden_Top.v Line: 122
    Warning (13040): bidirectional pin "GPIO[5]" has no driver File: /home/yaroslove/MIEM/fpga_timer/DE10_LITE_Golden_Top.v Line: 122
    Warning (13040): bidirectional pin "GPIO[6]" has no driver File: /home/yaroslove/MIEM/fpga_timer/DE10_LITE_Golden_Top.v Line: 122
    Warning (13040): bidirectional pin "GPIO[7]" has no driver File: /home/yaroslove/MIEM/fpga_timer/DE10_LITE_Golden_Top.v Line: 122
    Warning (13040): bidirectional pin "GPIO[8]" has no driver File: /home/yaroslove/MIEM/fpga_timer/DE10_LITE_Golden_Top.v Line: 122
    Warning (13040): bidirectional pin "GPIO[9]" has no driver File: /home/yaroslove/MIEM/fpga_timer/DE10_LITE_Golden_Top.v Line: 122
    Warning (13040): bidirectional pin "GPIO[10]" has no driver File: /home/yaroslove/MIEM/fpga_timer/DE10_LITE_Golden_Top.v Line: 122
    Warning (13040): bidirectional pin "GPIO[11]" has no driver File: /home/yaroslove/MIEM/fpga_timer/DE10_LITE_Golden_Top.v Line: 122
    Warning (13040): bidirectional pin "GPIO[12]" has no driver File: /home/yaroslove/MIEM/fpga_timer/DE10_LITE_Golden_Top.v Line: 122
    Warning (13040): bidirectional pin "GPIO[13]" has no driver File: /home/yaroslove/MIEM/fpga_timer/DE10_LITE_Golden_Top.v Line: 122
    Warning (13040): bidirectional pin "GPIO[14]" has no driver File: /home/yaroslove/MIEM/fpga_timer/DE10_LITE_Golden_Top.v Line: 122
    Warning (13040): bidirectional pin "GPIO[15]" has no driver File: /home/yaroslove/MIEM/fpga_timer/DE10_LITE_Golden_Top.v Line: 122
    Warning (13040): bidirectional pin "GPIO[16]" has no driver File: /home/yaroslove/MIEM/fpga_timer/DE10_LITE_Golden_Top.v Line: 122
    Warning (13040): bidirectional pin "GPIO[17]" has no driver File: /home/yaroslove/MIEM/fpga_timer/DE10_LITE_Golden_Top.v Line: 122
    Warning (13040): bidirectional pin "GPIO[18]" has no driver File: /home/yaroslove/MIEM/fpga_timer/DE10_LITE_Golden_Top.v Line: 122
    Warning (13040): bidirectional pin "GPIO[19]" has no driver File: /home/yaroslove/MIEM/fpga_timer/DE10_LITE_Golden_Top.v Line: 122
    Warning (13040): bidirectional pin "GPIO[20]" has no driver File: /home/yaroslove/MIEM/fpga_timer/DE10_LITE_Golden_Top.v Line: 122
    Warning (13040): bidirectional pin "GPIO[21]" has no driver File: /home/yaroslove/MIEM/fpga_timer/DE10_LITE_Golden_Top.v Line: 122
    Warning (13040): bidirectional pin "GPIO[22]" has no driver File: /home/yaroslove/MIEM/fpga_timer/DE10_LITE_Golden_Top.v Line: 122
    Warning (13040): bidirectional pin "GPIO[23]" has no driver File: /home/yaroslove/MIEM/fpga_timer/DE10_LITE_Golden_Top.v Line: 122
    Warning (13040): bidirectional pin "GPIO[24]" has no driver File: /home/yaroslove/MIEM/fpga_timer/DE10_LITE_Golden_Top.v Line: 122
    Warning (13040): bidirectional pin "GPIO[25]" has no driver File: /home/yaroslove/MIEM/fpga_timer/DE10_LITE_Golden_Top.v Line: 122
    Warning (13040): bidirectional pin "GPIO[26]" has no driver File: /home/yaroslove/MIEM/fpga_timer/DE10_LITE_Golden_Top.v Line: 122
    Warning (13040): bidirectional pin "GPIO[27]" has no driver File: /home/yaroslove/MIEM/fpga_timer/DE10_LITE_Golden_Top.v Line: 122
    Warning (13040): bidirectional pin "GPIO[28]" has no driver File: /home/yaroslove/MIEM/fpga_timer/DE10_LITE_Golden_Top.v Line: 122
    Warning (13040): bidirectional pin "GPIO[29]" has no driver File: /home/yaroslove/MIEM/fpga_timer/DE10_LITE_Golden_Top.v Line: 122
    Warning (13040): bidirectional pin "GPIO[30]" has no driver File: /home/yaroslove/MIEM/fpga_timer/DE10_LITE_Golden_Top.v Line: 122
    Warning (13040): bidirectional pin "GPIO[31]" has no driver File: /home/yaroslove/MIEM/fpga_timer/DE10_LITE_Golden_Top.v Line: 122
    Warning (13040): bidirectional pin "GPIO[32]" has no driver File: /home/yaroslove/MIEM/fpga_timer/DE10_LITE_Golden_Top.v Line: 122
    Warning (13040): bidirectional pin "GPIO[33]" has no driver File: /home/yaroslove/MIEM/fpga_timer/DE10_LITE_Golden_Top.v Line: 122
    Warning (13040): bidirectional pin "GPIO[34]" has no driver File: /home/yaroslove/MIEM/fpga_timer/DE10_LITE_Golden_Top.v Line: 122
    Warning (13040): bidirectional pin "GPIO[35]" has no driver File: /home/yaroslove/MIEM/fpga_timer/DE10_LITE_Golden_Top.v Line: 122
Warning (13024): Output pins are stuck at VCC or GND
    Warning (13410): Pin "DRAM_ADDR[0]" is stuck at GND File: /home/yaroslove/MIEM/fpga_timer/DE10_LITE_Golden_Top.v Line: 46
    Warning (13410): Pin "DRAM_ADDR[1]" is stuck at GND File: /home/yaroslove/MIEM/fpga_timer/DE10_LITE_Golden_Top.v Line: 46
    Warning (13410): Pin "DRAM_ADDR[2]" is stuck at GND File: /home/yaroslove/MIEM/fpga_timer/DE10_LITE_Golden_Top.v Line: 46
    Warning (13410): Pin "DRAM_ADDR[3]" is stuck at GND File: /home/yaroslove/MIEM/fpga_timer/DE10_LITE_Golden_Top.v Line: 46
    Warning (13410): Pin "DRAM_ADDR[4]" is stuck at GND File: /home/yaroslove/MIEM/fpga_timer/DE10_LITE_Golden_Top.v Line: 46
    Warning (13410): Pin "DRAM_ADDR[5]" is stuck at GND File: /home/yaroslove/MIEM/fpga_timer/DE10_LITE_Golden_Top.v Line: 46
    Warning (13410): Pin "DRAM_ADDR[6]" is stuck at GND File: /home/yaroslove/MIEM/fpga_timer/DE10_LITE_Golden_Top.v Line: 46
    Warning (13410): Pin "DRAM_ADDR[7]" is stuck at GND File: /home/yaroslove/MIEM/fpga_timer/DE10_LITE_Golden_Top.v Line: 46
    Warning (13410): Pin "DRAM_ADDR[8]" is stuck at GND File: /home/yaroslove/MIEM/fpga_timer/DE10_LITE_Golden_Top.v Line: 46
    Warning (13410): Pin "DRAM_ADDR[9]" is stuck at GND File: /home/yaroslove/MIEM/fpga_timer/DE10_LITE_Golden_Top.v Line: 46
    Warning (13410): Pin "DRAM_ADDR[10]" is stuck at GND File: /home/yaroslove/MIEM/fpga_timer/DE10_LITE_Golden_Top.v Line: 46
    Warning (13410): Pin "DRAM_ADDR[11]" is stuck at GND File: /home/yaroslove/MIEM/fpga_timer/DE10_LITE_Golden_Top.v Line: 46
    Warning (13410): Pin "DRAM_ADDR[12]" is stuck at GND File: /home/yaroslove/MIEM/fpga_timer/DE10_LITE_Golden_Top.v Line: 46
    Warning (13410): Pin "DRAM_BA[0]" is stuck at GND File: /home/yaroslove/MIEM/fpga_timer/DE10_LITE_Golden_Top.v Line: 47
    Warning (13410): Pin "DRAM_BA[1]" is stuck at GND File: /home/yaroslove/MIEM/fpga_timer/DE10_LITE_Golden_Top.v Line: 47
    Warning (13410): Pin "DRAM_CAS_N" is stuck at GND File: /home/yaroslove/MIEM/fpga_timer/DE10_LITE_Golden_Top.v Line: 48
    Warning (13410): Pin "DRAM_CKE" is stuck at GND File: /home/yaroslove/MIEM/fpga_timer/DE10_LITE_Golden_Top.v Line: 49
    Warning (13410): Pin "DRAM_CLK" is stuck at GND File: /home/yaroslove/MIEM/fpga_timer/DE10_LITE_Golden_Top.v Line: 50
    Warning (13410): Pin "DRAM_CS_N" is stuck at GND File: /home/yaroslove/MIEM/fpga_timer/DE10_LITE_Golden_Top.v Line: 51
    Warning (13410): Pin "DRAM_LDQM" is stuck at GND File: /home/yaroslove/MIEM/fpga_timer/DE10_LITE_Golden_Top.v Line: 53
    Warning (13410): Pin "DRAM_RAS_N" is stuck at GND File: /home/yaroslove/MIEM/fpga_timer/DE10_LITE_Golden_Top.v Line: 54
    Warning (13410): Pin "DRAM_UDQM" is stuck at GND File: /home/yaroslove/MIEM/fpga_timer/DE10_LITE_Golden_Top.v Line: 55
    Warning (13410): Pin "DRAM_WE_N" is stuck at GND File: /home/yaroslove/MIEM/fpga_timer/DE10_LITE_Golden_Top.v Line: 56
    Warning (13410): Pin "HEX0[0]" is stuck at GND File: /home/yaroslove/MIEM/fpga_timer/DE10_LITE_Golden_Top.v Line: 61
    Warning (13410): Pin "HEX0[1]" is stuck at GND File: /home/yaroslove/MIEM/fpga_timer/DE10_LITE_Golden_Top.v Line: 61
    Warning (13410): Pin "HEX0[2]" is stuck at GND File: /home/yaroslove/MIEM/fpga_timer/DE10_LITE_Golden_Top.v Line: 61
    Warning (13410): Pin "HEX0[3]" is stuck at GND File: /home/yaroslove/MIEM/fpga_timer/DE10_LITE_Golden_Top.v Line: 61
    Warning (13410): Pin "HEX0[4]" is stuck at GND File: /home/yaroslove/MIEM/fpga_timer/DE10_LITE_Golden_Top.v Line: 61
    Warning (13410): Pin "HEX0[5]" is stuck at GND File: /home/yaroslove/MIEM/fpga_timer/DE10_LITE_Golden_Top.v Line: 61
    Warning (13410): Pin "HEX0[6]" is stuck at GND File: /home/yaroslove/MIEM/fpga_timer/DE10_LITE_Golden_Top.v Line: 61
    Warning (13410): Pin "HEX0[7]" is stuck at GND File: /home/yaroslove/MIEM/fpga_timer/DE10_LITE_Golden_Top.v Line: 61
    Warning (13410): Pin "HEX1[0]" is stuck at GND File: /home/yaroslove/MIEM/fpga_timer/DE10_LITE_Golden_Top.v Line: 64
    Warning (13410): Pin "HEX1[1]" is stuck at GND File: /home/yaroslove/MIEM/fpga_timer/DE10_LITE_Golden_Top.v Line: 64
    Warning (13410): Pin "HEX1[2]" is stuck at GND File: /home/yaroslove/MIEM/fpga_timer/DE10_LITE_Golden_Top.v Line: 64
    Warning (13410): Pin "HEX1[3]" is stuck at GND File: /home/yaroslove/MIEM/fpga_timer/DE10_LITE_Golden_Top.v Line: 64
    Warning (13410): Pin "HEX1[4]" is stuck at GND File: /home/yaroslove/MIEM/fpga_timer/DE10_LITE_Golden_Top.v Line: 64
    Warning (13410): Pin "HEX1[5]" is stuck at GND File: /home/yaroslove/MIEM/fpga_timer/DE10_LITE_Golden_Top.v Line: 64
    Warning (13410): Pin "HEX1[6]" is stuck at GND File: /home/yaroslove/MIEM/fpga_timer/DE10_LITE_Golden_Top.v Line: 64
    Warning (13410): Pin "HEX1[7]" is stuck at GND File: /home/yaroslove/MIEM/fpga_timer/DE10_LITE_Golden_Top.v Line: 64
    Warning (13410): Pin "HEX2[0]" is stuck at GND File: /home/yaroslove/MIEM/fpga_timer/DE10_LITE_Golden_Top.v Line: 67
    Warning (13410): Pin "HEX2[1]" is stuck at GND File: /home/yaroslove/MIEM/fpga_timer/DE10_LITE_Golden_Top.v Line: 67
    Warning (13410): Pin "HEX2[2]" is stuck at GND File: /home/yaroslove/MIEM/fpga_timer/DE10_LITE_Golden_Top.v Line: 67
    Warning (13410): Pin "HEX2[3]" is stuck at GND File: /home/yaroslove/MIEM/fpga_timer/DE10_LITE_Golden_Top.v Line: 67
    Warning (13410): Pin "HEX2[4]" is stuck at GND File: /home/yaroslove/MIEM/fpga_timer/DE10_LITE_Golden_Top.v Line: 67
    Warning (13410): Pin "HEX2[5]" is stuck at GND File: /home/yaroslove/MIEM/fpga_timer/DE10_LITE_Golden_Top.v Line: 67
    Warning (13410): Pin "HEX2[6]" is stuck at GND File: /home/yaroslove/MIEM/fpga_timer/DE10_LITE_Golden_Top.v Line: 67
    Warning (13410): Pin "HEX2[7]" is stuck at GND File: /home/yaroslove/MIEM/fpga_timer/DE10_LITE_Golden_Top.v Line: 67
    Warning (13410): Pin "HEX3[0]" is stuck at GND File: /home/yaroslove/MIEM/fpga_timer/DE10_LITE_Golden_Top.v Line: 70
    Warning (13410): Pin "HEX3[1]" is stuck at GND File: /home/yaroslove/MIEM/fpga_timer/DE10_LITE_Golden_Top.v Line: 70
    Warning (13410): Pin "HEX3[2]" is stuck at GND File: /home/yaroslove/MIEM/fpga_timer/DE10_LITE_Golden_Top.v Line: 70
    Warning (13410): Pin "HEX3[3]" is stuck at GND File: /home/yaroslove/MIEM/fpga_timer/DE10_LITE_Golden_Top.v Line: 70
    Warning (13410): Pin "HEX3[4]" is stuck at GND File: /home/yaroslove/MIEM/fpga_timer/DE10_LITE_Golden_Top.v Line: 70
    Warning (13410): Pin "HEX3[5]" is stuck at GND File: /home/yaroslove/MIEM/fpga_timer/DE10_LITE_Golden_Top.v Line: 70
    Warning (13410): Pin "HEX3[6]" is stuck at GND File: /home/yaroslove/MIEM/fpga_timer/DE10_LITE_Golden_Top.v Line: 70
    Warning (13410): Pin "HEX3[7]" is stuck at GND File: /home/yaroslove/MIEM/fpga_timer/DE10_LITE_Golden_Top.v Line: 70
    Warning (13410): Pin "HEX4[0]" is stuck at GND File: /home/yaroslove/MIEM/fpga_timer/DE10_LITE_Golden_Top.v Line: 73
    Warning (13410): Pin "HEX4[1]" is stuck at GND File: /home/yaroslove/MIEM/fpga_timer/DE10_LITE_Golden_Top.v Line: 73
    Warning (13410): Pin "HEX4[2]" is stuck at GND File: /home/yaroslove/MIEM/fpga_timer/DE10_LITE_Golden_Top.v Line: 73
    Warning (13410): Pin "HEX4[3]" is stuck at GND File: /home/yaroslove/MIEM/fpga_timer/DE10_LITE_Golden_Top.v Line: 73
    Warning (13410): Pin "HEX4[4]" is stuck at GND File: /home/yaroslove/MIEM/fpga_timer/DE10_LITE_Golden_Top.v Line: 73
    Warning (13410): Pin "HEX4[5]" is stuck at GND File: /home/yaroslove/MIEM/fpga_timer/DE10_LITE_Golden_Top.v Line: 73
    Warning (13410): Pin "HEX4[6]" is stuck at GND File: /home/yaroslove/MIEM/fpga_timer/DE10_LITE_Golden_Top.v Line: 73
    Warning (13410): Pin "HEX4[7]" is stuck at GND File: /home/yaroslove/MIEM/fpga_timer/DE10_LITE_Golden_Top.v Line: 73
    Warning (13410): Pin "HEX5[0]" is stuck at GND File: /home/yaroslove/MIEM/fpga_timer/DE10_LITE_Golden_Top.v Line: 76
    Warning (13410): Pin "HEX5[1]" is stuck at GND File: /home/yaroslove/MIEM/fpga_timer/DE10_LITE_Golden_Top.v Line: 76
    Warning (13410): Pin "HEX5[2]" is stuck at GND File: /home/yaroslove/MIEM/fpga_timer/DE10_LITE_Golden_Top.v Line: 76
    Warning (13410): Pin "HEX5[3]" is stuck at GND File: /home/yaroslove/MIEM/fpga_timer/DE10_LITE_Golden_Top.v Line: 76
    Warning (13410): Pin "HEX5[4]" is stuck at GND File: /home/yaroslove/MIEM/fpga_timer/DE10_LITE_Golden_Top.v Line: 76
    Warning (13410): Pin "HEX5[5]" is stuck at GND File: /home/yaroslove/MIEM/fpga_timer/DE10_LITE_Golden_Top.v Line: 76
    Warning (13410): Pin "HEX5[6]" is stuck at GND File: /home/yaroslove/MIEM/fpga_timer/DE10_LITE_Golden_Top.v Line: 76
    Warning (13410): Pin "HEX5[7]" is stuck at GND File: /home/yaroslove/MIEM/fpga_timer/DE10_LITE_Golden_Top.v Line: 76
    Warning (13410): Pin "LEDR[9]" is stuck at GND File: /home/yaroslove/MIEM/fpga_timer/DE10_LITE_Golden_Top.v Line: 86
    Warning (13410): Pin "VGA_B[0]" is stuck at GND File: /home/yaroslove/MIEM/fpga_timer/DE10_LITE_Golden_Top.v Line: 96
    Warning (13410): Pin "VGA_B[1]" is stuck at GND File: /home/yaroslove/MIEM/fpga_timer/DE10_LITE_Golden_Top.v Line: 96
    Warning (13410): Pin "VGA_B[2]" is stuck at GND File: /home/yaroslove/MIEM/fpga_timer/DE10_LITE_Golden_Top.v Line: 96
    Warning (13410): Pin "VGA_B[3]" is stuck at GND File: /home/yaroslove/MIEM/fpga_timer/DE10_LITE_Golden_Top.v Line: 96
    Warning (13410): Pin "VGA_G[0]" is stuck at GND File: /home/yaroslove/MIEM/fpga_timer/DE10_LITE_Golden_Top.v Line: 97
    Warning (13410): Pin "VGA_G[1]" is stuck at GND File: /home/yaroslove/MIEM/fpga_timer/DE10_LITE_Golden_Top.v Line: 97
    Warning (13410): Pin "VGA_G[2]" is stuck at GND File: /home/yaroslove/MIEM/fpga_timer/DE10_LITE_Golden_Top.v Line: 97
    Warning (13410): Pin "VGA_G[3]" is stuck at GND File: /home/yaroslove/MIEM/fpga_timer/DE10_LITE_Golden_Top.v Line: 97
    Warning (13410): Pin "VGA_HS" is stuck at GND File: /home/yaroslove/MIEM/fpga_timer/DE10_LITE_Golden_Top.v Line: 98
    Warning (13410): Pin "VGA_R[0]" is stuck at GND File: /home/yaroslove/MIEM/fpga_timer/DE10_LITE_Golden_Top.v Line: 99
    Warning (13410): Pin "VGA_R[1]" is stuck at GND File: /home/yaroslove/MIEM/fpga_timer/DE10_LITE_Golden_Top.v Line: 99
    Warning (13410): Pin "VGA_R[2]" is stuck at GND File: /home/yaroslove/MIEM/fpga_timer/DE10_LITE_Golden_Top.v Line: 99
    Warning (13410): Pin "VGA_R[3]" is stuck at GND File: /home/yaroslove/MIEM/fpga_timer/DE10_LITE_Golden_Top.v Line: 99
    Warning (13410): Pin "VGA_VS" is stuck at GND File: /home/yaroslove/MIEM/fpga_timer/DE10_LITE_Golden_Top.v Line: 100
    Warning (13410): Pin "GSENSOR_CS_N" is stuck at GND File: /home/yaroslove/MIEM/fpga_timer/DE10_LITE_Golden_Top.v Line: 105
    Warning (13410): Pin "GSENSOR_SCLK" is stuck at GND File: /home/yaroslove/MIEM/fpga_timer/DE10_LITE_Golden_Top.v Line: 107
Info (286030): Timing-Driven Synthesis is running
Info (17049): 39 registers lost all their fanouts during netlist optimizations.
Info (16010): Generating hard_block partition "hard_block:auto_generated_inst"
    Info (16011): Adding 0 node(s), including 0 DDIO, 0 PLL, 0 transceiver and 0 LCELL
Warning (21074): Design contains 15 input pin(s) that do not drive logic
    Warning (15610): No output dependent on input pin "ADC_CLK_10" File: /home/yaroslove/MIEM/fpga_timer/DE10_LITE_Golden_Top.v Line: 33
    Warning (15610): No output dependent on input pin "MAX10_CLK2_50" File: /home/yaroslove/MIEM/fpga_timer/DE10_LITE_Golden_Top.v Line: 41
    Warning (15610): No output dependent on input pin "KEY[1]" File: /home/yaroslove/MIEM/fpga_timer/DE10_LITE_Golden_Top.v Line: 81
    Warning (15610): No output dependent on input pin "SW[0]" File: /home/yaroslove/MIEM/fpga_timer/DE10_LITE_Golden_Top.v Line: 91
    Warning (15610): No output dependent on input pin "SW[1]" File: /home/yaroslove/MIEM/fpga_timer/DE10_LITE_Golden_Top.v Line: 91
    Warning (15610): No output dependent on input pin "SW[2]" File: /home/yaroslove/MIEM/fpga_timer/DE10_LITE_Golden_Top.v Line: 91
    Warning (15610): No output dependent on input pin "SW[3]" File: /home/yaroslove/MIEM/fpga_timer/DE10_LITE_Golden_Top.v Line: 91
    Warning (15610): No output dependent on input pin "SW[4]" File: /home/yaroslove/MIEM/fpga_timer/DE10_LITE_Golden_Top.v Line: 91
    Warning (15610): No output dependent on input pin "SW[5]" File: /home/yaroslove/MIEM/fpga_timer/DE10_LITE_Golden_Top.v Line: 91
    Warning (15610): No output dependent on input pin "SW[6]" File: /home/yaroslove/MIEM/fpga_timer/DE10_LITE_Golden_Top.v Line: 91
    Warning (15610): No output dependent on input pin "SW[7]" File: /home/yaroslove/MIEM/fpga_timer/DE10_LITE_Golden_Top.v Line: 91
    Warning (15610): No output dependent on input pin "SW[8]" File: /home/yaroslove/MIEM/fpga_timer/DE10_LITE_Golden_Top.v Line: 91
    Warning (15610): No output dependent on input pin "SW[9]" File: /home/yaroslove/MIEM/fpga_timer/DE10_LITE_Golden_Top.v Line: 91
    Warning (15610): No output dependent on input pin "GSENSOR_INT[1]" File: /home/yaroslove/MIEM/fpga_timer/DE10_LITE_Golden_Top.v Line: 106
    Warning (15610): No output dependent on input pin "GSENSOR_INT[2]" File: /home/yaroslove/MIEM/fpga_timer/DE10_LITE_Golden_Top.v Line: 106
Info (21057): Implemented 286 device resources after synthesis - the final resource count might be different
    Info (21058): Implemented 17 input pins
    Info (21059): Implemented 97 output pins
    Info (21060): Implemented 71 bidirectional pins
    Info (21061): Implemented 101 logic cells
Info: Quartus Prime Analysis & Synthesis was successful. 0 errors, 215 warnings
    Info: Peak virtual memory: 460 megabytes
    Info: Processing ended: Wed Feb  7 19:43:57 2024
    Info: Elapsed time: 00:00:05
    Info: Total CPU time (on all processors): 00:00:10


